ARM GAS  C:\Users\LASER_2\AppData\Local\Temp\ccI0pqvD.s 			page 1


   1              		.syntax unified
   2              		.cpu cortex-m3
   3              		.fpu softvfp
   4              		.eabi_attribute 20, 1
   5              		.eabi_attribute 21, 1
   6              		.eabi_attribute 23, 3
   7              		.eabi_attribute 24, 1
   8              		.eabi_attribute 25, 1
   9              		.eabi_attribute 26, 1
  10              		.eabi_attribute 30, 1
  11              		.eabi_attribute 34, 1
  12              		.eabi_attribute 18, 4
  13              		.thumb
  14              		.syntax unified
  15              		.file	"cymetadata.c"
  16              		.text
  17              	.Ltext0:
  18              		.cfi_sections	.debug_frame
  19              		.global	cy_metadata
  20              		.global	cy_meta_flashprotect
  21              		.global	cy_meta_wonvl
  22              		.global	cy_meta_custnvl
  23              		.global	cy_meta_configecc
  24              		.section	.cyconfigecc,"a",%progbits
  25              		.align	2
  26              		.type	cy_meta_configecc, %object
  27              		.size	cy_meta_configecc, 1480
  28              	cy_meta_configecc:
  29 0000 06       		.byte	6
  30 0001 52       		.byte	82
  31 0002 00       		.byte	0
  32 0003 40       		.byte	64
  33 0004 02       		.byte	2
  34 0005 64       		.byte	100
  35 0006 00       		.byte	0
  36 0007 40       		.byte	64
  37 0008 03       		.byte	3
  38 0009 65       		.byte	101
  39 000a 00       		.byte	0
  40 000b 40       		.byte	64
  41 000c 41       		.byte	65
  42 000d 04       		.byte	4
  43 000e 01       		.byte	1
  44 000f 40       		.byte	64
  45 0010 2F       		.byte	47
  46 0011 05       		.byte	5
  47 0012 01       		.byte	1
  48 0013 40       		.byte	64
  49 0014 68       		.byte	104
  50 0015 06       		.byte	6
  51 0016 01       		.byte	1
  52 0017 40       		.byte	64
  53 0018 3A       		.byte	58
  54 0019 07       		.byte	7
  55 001a 01       		.byte	1
  56 001b 40       		.byte	64
  57 001c 01       		.byte	1
ARM GAS  C:\Users\LASER_2\AppData\Local\Temp\ccI0pqvD.s 			page 2


  58 001d 09       		.byte	9
  59 001e 01       		.byte	1
  60 001f 40       		.byte	64
  61 0020 01       		.byte	1
  62 0021 0B       		.byte	11
  63 0022 01       		.byte	1
  64 0023 40       		.byte	64
  65 0024 61       		.byte	97
  66 0025 14       		.byte	20
  67 0026 01       		.byte	1
  68 0027 40       		.byte	64
  69 0028 46       		.byte	70
  70 0029 15       		.byte	21
  71 002a 01       		.byte	1
  72 002b 40       		.byte	64
  73 002c 44       		.byte	68
  74 002d 16       		.byte	22
  75 002e 01       		.byte	1
  76 002f 40       		.byte	64
  77 0030 44       		.byte	68
  78 0031 17       		.byte	23
  79 0032 01       		.byte	1
  80 0033 40       		.byte	64
  81 0034 01       		.byte	1
  82 0035 1B       		.byte	27
  83 0036 01       		.byte	1
  84 0037 40       		.byte	64
  85 0038 03       		.byte	3
  86 0039 40       		.byte	64
  87 003a 01       		.byte	1
  88 003b 40       		.byte	64
  89 003c 06       		.byte	6
  90 003d 41       		.byte	65
  91 003e 01       		.byte	1
  92 003f 40       		.byte	64
  93 0040 08       		.byte	8
  94 0041 42       		.byte	66
  95 0042 01       		.byte	1
  96 0043 40       		.byte	64
  97 0044 05       		.byte	5
  98 0045 43       		.byte	67
  99 0046 01       		.byte	1
 100 0047 40       		.byte	64
 101 0048 08       		.byte	8
 102 0049 45       		.byte	69
 103 004a 01       		.byte	1
 104 004b 40       		.byte	64
 105 004c 07       		.byte	7
 106 004d 46       		.byte	70
 107 004e 01       		.byte	1
 108 004f 40       		.byte	64
 109 0050 05       		.byte	5
 110 0051 47       		.byte	71
 111 0052 01       		.byte	1
 112 0053 40       		.byte	64
 113 0054 04       		.byte	4
 114 0055 48       		.byte	72
ARM GAS  C:\Users\LASER_2\AppData\Local\Temp\ccI0pqvD.s 			page 3


 115 0056 01       		.byte	1
 116 0057 40       		.byte	64
 117 0058 0B       		.byte	11
 118 0059 49       		.byte	73
 119 005a 01       		.byte	1
 120 005b 40       		.byte	64
 121 005c 0B       		.byte	11
 122 005d 4C       		.byte	76
 123 005e 01       		.byte	1
 124 005f 40       		.byte	64
 125 0060 01       		.byte	1
 126 0061 4D       		.byte	77
 127 0062 01       		.byte	1
 128 0063 40       		.byte	64
 129 0064 04       		.byte	4
 130 0065 50       		.byte	80
 131 0066 01       		.byte	1
 132 0067 40       		.byte	64
 133 0068 02       		.byte	2
 134 0069 51       		.byte	81
 135 006a 01       		.byte	1
 136 006b 40       		.byte	64
 137 006c 00       		.byte	0
 138 006d 02       		.byte	2
 139 006e 01       		.byte	1
 140 006f 02       		.byte	2
 141 0070 10       		.byte	16
 142 0071 14       		.byte	20
 143 0072 11       		.byte	17
 144 0073 08       		.byte	8
 145 0074 19       		.byte	25
 146 0075 02       		.byte	2
 147 0076 1C       		.byte	28
 148 0077 01       		.byte	1
 149 0078 84       		.byte	-124
 150 0079 0D       		.byte	13
 151 007a 85       		.byte	-123
 152 007b 0F       		.byte	15
 153 007c 85       		.byte	-123
 154 007d 38       		.byte	56
 155 007e 86       		.byte	-122
 156 007f 0F       		.byte	15
 157 0080 87       		.byte	-121
 158 0081 72       		.byte	114
 159 0082 06       		.byte	6
 160 0083 01       		.byte	1
 161 0084 07       		.byte	7
 162 0085 02       		.byte	2
 163 0086 1B       		.byte	27
 164 0087 03       		.byte	3
 165 0088 26       		.byte	38
 166 0089 02       		.byte	2
 167 008a 2A       		.byte	42
 168 008b 01       		.byte	1
 169 008c 2D       		.byte	45
 170 008d 01       		.byte	1
 171 008e 31       		.byte	49
ARM GAS  C:\Users\LASER_2\AppData\Local\Temp\ccI0pqvD.s 			page 4


 172 008f 01       		.byte	1
 173 0090 34       		.byte	52
 174 0091 01       		.byte	1
 175 0092 35       		.byte	53
 176 0093 02       		.byte	2
 177 0094 36       		.byte	54
 178 0095 02       		.byte	2
 179 0096 3E       		.byte	62
 180 0097 10       		.byte	16
 181 0098 54       		.byte	84
 182 0099 05       		.byte	5
 183 009a 58       		.byte	88
 184 009b 04       		.byte	4
 185 009c 59       		.byte	89
 186 009d 04       		.byte	4
 187 009e 5B       		.byte	91
 188 009f 04       		.byte	4
 189 00a0 5F       		.byte	95
 190 00a1 01       		.byte	1
 191 00a2 83       		.byte	-125
 192 00a3 08       		.byte	8
 193 00a4 86       		.byte	-122
 194 00a5 08       		.byte	8
 195 00a6 87       		.byte	-121
 196 00a7 03       		.byte	3
 197 00a8 8A       		.byte	-118
 198 00a9 01       		.byte	1
 199 00aa 8E       		.byte	-114
 200 00ab 06       		.byte	6
 201 00ac 96       		.byte	-106
 202 00ad 08       		.byte	8
 203 00ae 97       		.byte	-105
 204 00af 05       		.byte	5
 205 00b0 9C       		.byte	-100
 206 00b1 04       		.byte	4
 207 00b2 A3       		.byte	-93
 208 00b3 04       		.byte	4
 209 00b4 A8       		.byte	-88
 210 00b5 01       		.byte	1
 211 00b6 B0       		.byte	-80
 212 00b7 01       		.byte	1
 213 00b8 B1       		.byte	-79
 214 00b9 01       		.byte	1
 215 00ba B2       		.byte	-78
 216 00bb 04       		.byte	4
 217 00bc B3       		.byte	-77
 218 00bd 02       		.byte	2
 219 00be B4       		.byte	-76
 220 00bf 08       		.byte	8
 221 00c0 B5       		.byte	-75
 222 00c1 08       		.byte	8
 223 00c2 B6       		.byte	-74
 224 00c3 02       		.byte	2
 225 00c4 B7       		.byte	-73
 226 00c5 04       		.byte	4
 227 00c6 BE       		.byte	-66
 228 00c7 10       		.byte	16
ARM GAS  C:\Users\LASER_2\AppData\Local\Temp\ccI0pqvD.s 			page 5


 229 00c8 C0       		.byte	-64
 230 00c9 30       		.byte	48
 231 00ca C1       		.byte	-63
 232 00cb 06       		.byte	6
 233 00cc C5       		.byte	-59
 234 00cd D0       		.byte	-48
 235 00ce C6       		.byte	-58
 236 00cf 20       		.byte	32
 237 00d0 C7       		.byte	-57
 238 00d1 51       		.byte	81
 239 00d2 C8       		.byte	-56
 240 00d3 3A       		.byte	58
 241 00d4 C9       		.byte	-55
 242 00d5 FF       		.byte	-1
 243 00d6 CA       		.byte	-54
 244 00d7 FF       		.byte	-1
 245 00d8 CB       		.byte	-53
 246 00d9 FF       		.byte	-1
 247 00da CD       		.byte	-51
 248 00db A0       		.byte	-96
 249 00dc CF       		.byte	-49
 250 00dd 04       		.byte	4
 251 00de D0       		.byte	-48
 252 00df 18       		.byte	24
 253 00e0 D2       		.byte	-46
 254 00e1 80       		.byte	-128
 255 00e2 D4       		.byte	-44
 256 00e3 07       		.byte	7
 257 00e4 D8       		.byte	-40
 258 00e5 04       		.byte	4
 259 00e6 D9       		.byte	-39
 260 00e7 04       		.byte	4
 261 00e8 DA       		.byte	-38
 262 00e9 04       		.byte	4
 263 00ea DB       		.byte	-37
 264 00eb 04       		.byte	4
 265 00ec DC       		.byte	-36
 266 00ed 22       		.byte	34
 267 00ee DD       		.byte	-35
 268 00ef 22       		.byte	34
 269 00f0 DF       		.byte	-33
 270 00f1 01       		.byte	1
 271 00f2 E0       		.byte	-32
 272 00f3 40       		.byte	64
 273 00f4 E2       		.byte	-30
 274 00f5 C0       		.byte	-64
 275 00f6 E4       		.byte	-28
 276 00f7 40       		.byte	64
 277 00f8 E5       		.byte	-27
 278 00f9 40       		.byte	64
 279 00fa E6       		.byte	-26
 280 00fb C0       		.byte	-64
 281 00fc E8       		.byte	-24
 282 00fd C0       		.byte	-64
 283 00fe EA       		.byte	-22
 284 00ff C0       		.byte	-64
 285 0100 EC       		.byte	-20
ARM GAS  C:\Users\LASER_2\AppData\Local\Temp\ccI0pqvD.s 			page 6


 286 0101 C0       		.byte	-64
 287 0102 EE       		.byte	-18
 288 0103 C0       		.byte	-64
 289 0104 00       		.byte	0
 290 0105 04       		.byte	4
 291 0106 04       		.byte	4
 292 0107 08       		.byte	8
 293 0108 06       		.byte	6
 294 0109 09       		.byte	9
 295 010a 0E       		.byte	14
 296 010b 01       		.byte	1
 297 010c 0F       		.byte	15
 298 010d 20       		.byte	32
 299 010e 10       		.byte	16
 300 010f 20       		.byte	32
 301 0110 12       		.byte	18
 302 0111 04       		.byte	4
 303 0112 17       		.byte	23
 304 0113 10       		.byte	16
 305 0114 19       		.byte	25
 306 0115 40       		.byte	64
 307 0116 1A       		.byte	26
 308 0117 04       		.byte	4
 309 0118 1E       		.byte	30
 310 0119 69       		.byte	105
 311 011a 20       		.byte	32
 312 011b 40       		.byte	64
 313 011c 22       		.byte	34
 314 011d 20       		.byte	32
 315 011e 24       		.byte	36
 316 011f 08       		.byte	8
 317 0120 25       		.byte	37
 318 0121 80       		.byte	-128
 319 0122 26       		.byte	38
 320 0123 01       		.byte	1
 321 0124 27       		.byte	39
 322 0125 18       		.byte	24
 323 0126 29       		.byte	41
 324 0127 40       		.byte	64
 325 0128 2E       		.byte	46
 326 0129 02       		.byte	2
 327 012a 30       		.byte	48
 328 012b 20       		.byte	32
 329 012c 37       		.byte	55
 330 012d 08       		.byte	8
 331 012e 38       		.byte	56
 332 012f 04       		.byte	4
 333 0130 3C       		.byte	60
 334 0131 02       		.byte	2
 335 0132 3E       		.byte	62
 336 0133 08       		.byte	8
 337 0134 40       		.byte	64
 338 0135 C0       		.byte	-64
 339 0136 47       		.byte	71
 340 0137 08       		.byte	8
 341 0138 4F       		.byte	79
 342 0139 21       		.byte	33
ARM GAS  C:\Users\LASER_2\AppData\Local\Temp\ccI0pqvD.s 			page 7


 343 013a 56       		.byte	86
 344 013b 0B       		.byte	11
 345 013c 57       		.byte	87
 346 013d 10       		.byte	16
 347 013e 58       		.byte	88
 348 013f 80       		.byte	-128
 349 0140 59       		.byte	89
 350 0141 01       		.byte	1
 351 0142 5A       		.byte	90
 352 0143 04       		.byte	4
 353 0144 5E       		.byte	94
 354 0145 68       		.byte	104
 355 0146 5F       		.byte	95
 356 0147 01       		.byte	1
 357 0148 74       		.byte	116
 358 0149 01       		.byte	1
 359 014a 82       		.byte	-126
 360 014b 01       		.byte	1
 361 014c 86       		.byte	-122
 362 014d 20       		.byte	32
 363 014e C0       		.byte	-64
 364 014f E4       		.byte	-28
 365 0150 C2       		.byte	-62
 366 0151 A0       		.byte	-96
 367 0152 C4       		.byte	-60
 368 0153 46       		.byte	70
 369 0154 CA       		.byte	-54
 370 0155 88       		.byte	-120
 371 0156 CC       		.byte	-52
 372 0157 44       		.byte	68
 373 0158 CE       		.byte	-50
 374 0159 C2       		.byte	-62
 375 015a D0       		.byte	-48
 376 015b 40       		.byte	64
 377 015c D2       		.byte	-46
 378 015d 20       		.byte	32
 379 015e D6       		.byte	-42
 380 015f FB       		.byte	-5
 381 0160 E4       		.byte	-28
 382 0161 02       		.byte	2
 383 0162 01       		.byte	1
 384 0163 10       		.byte	16
 385 0164 03       		.byte	3
 386 0165 AC       		.byte	-84
 387 0166 05       		.byte	5
 388 0167 10       		.byte	16
 389 0168 07       		.byte	7
 390 0169 40       		.byte	64
 391 016a 0B       		.byte	11
 392 016b 03       		.byte	3
 393 016c 10       		.byte	16
 394 016d 0C       		.byte	12
 395 016e 11       		.byte	17
 396 016f 0C       		.byte	12
 397 0170 12       		.byte	18
 398 0171 03       		.byte	3
 399 0172 13       		.byte	19
ARM GAS  C:\Users\LASER_2\AppData\Local\Temp\ccI0pqvD.s 			page 8


 400 0173 71       		.byte	113
 401 0174 14       		.byte	20
 402 0175 10       		.byte	16
 403 0176 15       		.byte	21
 404 0177 09       		.byte	9
 405 0178 17       		.byte	23
 406 0179 D0       		.byte	-48
 407 017a 1A       		.byte	26
 408 017b 08       		.byte	8
 409 017c 1B       		.byte	27
 410 017d 20       		.byte	32
 411 017e 1C       		.byte	28
 412 017f 01       		.byte	1
 413 0180 1E       		.byte	30
 414 0181 06       		.byte	6
 415 0182 20       		.byte	32
 416 0183 01       		.byte	1
 417 0184 22       		.byte	34
 418 0185 0E       		.byte	14
 419 0186 26       		.byte	38
 420 0187 0C       		.byte	12
 421 0188 29       		.byte	41
 422 0189 14       		.byte	20
 423 018a 2A       		.byte	42
 424 018b 03       		.byte	3
 425 018c 2D       		.byte	45
 426 018d DC       		.byte	-36
 427 018e 2F       		.byte	47
 428 018f 22       		.byte	34
 429 0190 30       		.byte	48
 430 0191 0F       		.byte	15
 431 0192 32       		.byte	50
 432 0193 10       		.byte	16
 433 0194 35       		.byte	53
 434 0195 1F       		.byte	31
 435 0196 37       		.byte	55
 436 0197 E0       		.byte	-32
 437 0198 3A       		.byte	58
 438 0199 02       		.byte	2
 439 019a 3B       		.byte	59
 440 019b 80       		.byte	-128
 441 019c 3E       		.byte	62
 442 019d 04       		.byte	4
 443 019e 40       		.byte	64
 444 019f 60       		.byte	96
 445 01a0 41       		.byte	65
 446 01a1 02       		.byte	2
 447 01a2 49       		.byte	73
 448 01a3 FF       		.byte	-1
 449 01a4 4A       		.byte	74
 450 01a5 FF       		.byte	-1
 451 01a6 4B       		.byte	75
 452 01a7 FF       		.byte	-1
 453 01a8 4D       		.byte	77
 454 01a9 A0       		.byte	-96
 455 01aa 4F       		.byte	79
 456 01ab 04       		.byte	4
ARM GAS  C:\Users\LASER_2\AppData\Local\Temp\ccI0pqvD.s 			page 9


 457 01ac 50       		.byte	80
 458 01ad 18       		.byte	24
 459 01ae 58       		.byte	88
 460 01af 04       		.byte	4
 461 01b0 59       		.byte	89
 462 01b1 04       		.byte	4
 463 01b2 5A       		.byte	90
 464 01b3 04       		.byte	4
 465 01b4 5C       		.byte	92
 466 01b5 11       		.byte	17
 467 01b6 5F       		.byte	95
 468 01b7 01       		.byte	1
 469 01b8 60       		.byte	96
 470 01b9 40       		.byte	64
 471 01ba 62       		.byte	98
 472 01bb C0       		.byte	-64
 473 01bc 64       		.byte	100
 474 01bd 40       		.byte	64
 475 01be 65       		.byte	101
 476 01bf 40       		.byte	64
 477 01c0 66       		.byte	102
 478 01c1 C0       		.byte	-64
 479 01c2 68       		.byte	104
 480 01c3 C0       		.byte	-64
 481 01c4 6A       		.byte	106
 482 01c5 C0       		.byte	-64
 483 01c6 6C       		.byte	108
 484 01c7 C0       		.byte	-64
 485 01c8 6E       		.byte	110
 486 01c9 C0       		.byte	-64
 487 01ca 81       		.byte	-127
 488 01cb 01       		.byte	1
 489 01cc 85       		.byte	-123
 490 01cd 02       		.byte	2
 491 01ce 88       		.byte	-120
 492 01cf 02       		.byte	2
 493 01d0 89       		.byte	-119
 494 01d1 33       		.byte	51
 495 01d2 8B       		.byte	-117
 496 01d3 0C       		.byte	12
 497 01d4 8C       		.byte	-116
 498 01d5 02       		.byte	2
 499 01d6 8D       		.byte	-115
 500 01d7 08       		.byte	8
 501 01d8 92       		.byte	-110
 502 01d9 01       		.byte	1
 503 01da 94       		.byte	-108
 504 01db 02       		.byte	2
 505 01dc 95       		.byte	-107
 506 01dd 0C       		.byte	12
 507 01de 99       		.byte	-103
 508 01df 03       		.byte	3
 509 01e0 9D       		.byte	-99
 510 01e1 0F       		.byte	15
 511 01e2 9F       		.byte	-97
 512 01e3 30       		.byte	48
 513 01e4 A3       		.byte	-93
ARM GAS  C:\Users\LASER_2\AppData\Local\Temp\ccI0pqvD.s 			page 10


 514 01e5 33       		.byte	51
 515 01e6 A5       		.byte	-91
 516 01e7 04       		.byte	4
 517 01e8 A9       		.byte	-87
 518 01e9 1C       		.byte	28
 519 01ea AB       		.byte	-85
 520 01eb 23       		.byte	35
 521 01ec AC       		.byte	-84
 522 01ed 02       		.byte	2
 523 01ee AD       		.byte	-83
 524 01ef 3F       		.byte	63
 525 01f0 B1       		.byte	-79
 526 01f1 2C       		.byte	44
 527 01f2 B3       		.byte	-77
 528 01f3 0F       		.byte	15
 529 01f4 B4       		.byte	-76
 530 01f5 01       		.byte	1
 531 01f6 B5       		.byte	-75
 532 01f7 1C       		.byte	28
 533 01f8 B6       		.byte	-74
 534 01f9 02       		.byte	2
 535 01fa BB       		.byte	-69
 536 01fb 0A       		.byte	10
 537 01fc BE       		.byte	-66
 538 01fd 40       		.byte	64
 539 01fe C0       		.byte	-64
 540 01ff 20       		.byte	32
 541 0200 C1       		.byte	-63
 542 0201 06       		.byte	6
 543 0202 C5       		.byte	-59
 544 0203 D1       		.byte	-47
 545 0204 C7       		.byte	-57
 546 0205 02       		.byte	2
 547 0206 C8       		.byte	-56
 548 0207 13       		.byte	19
 549 0208 C9       		.byte	-55
 550 0209 FF       		.byte	-1
 551 020a CA       		.byte	-54
 552 020b FF       		.byte	-1
 553 020c CB       		.byte	-53
 554 020d FF       		.byte	-1
 555 020e CD       		.byte	-51
 556 020f AF       		.byte	-81
 557 0210 CE       		.byte	-50
 558 0211 0F       		.byte	15
 559 0212 CF       		.byte	-49
 560 0213 04       		.byte	4
 561 0214 D0       		.byte	-48
 562 0215 18       		.byte	24
 563 0216 D8       		.byte	-40
 564 0217 04       		.byte	4
 565 0218 D9       		.byte	-39
 566 0219 04       		.byte	4
 567 021a DA       		.byte	-38
 568 021b 04       		.byte	4
 569 021c DC       		.byte	-36
 570 021d 10       		.byte	16
ARM GAS  C:\Users\LASER_2\AppData\Local\Temp\ccI0pqvD.s 			page 11


 571 021e DF       		.byte	-33
 572 021f 01       		.byte	1
 573 0220 E0       		.byte	-32
 574 0221 40       		.byte	64
 575 0222 E2       		.byte	-30
 576 0223 C0       		.byte	-64
 577 0224 E4       		.byte	-28
 578 0225 40       		.byte	64
 579 0226 E5       		.byte	-27
 580 0227 40       		.byte	64
 581 0228 E6       		.byte	-26
 582 0229 C0       		.byte	-64
 583 022a E8       		.byte	-24
 584 022b C0       		.byte	-64
 585 022c EA       		.byte	-22
 586 022d C0       		.byte	-64
 587 022e EC       		.byte	-20
 588 022f C0       		.byte	-64
 589 0230 EE       		.byte	-18
 590 0231 C0       		.byte	-64
 591 0232 00       		.byte	0
 592 0233 60       		.byte	96
 593 0234 01       		.byte	1
 594 0235 20       		.byte	32
 595 0236 03       		.byte	3
 596 0237 02       		.byte	2
 597 0238 08       		.byte	8
 598 0239 08       		.byte	8
 599 023a 09       		.byte	9
 600 023b 08       		.byte	8
 601 023c 0A       		.byte	10
 602 023d 40       		.byte	64
 603 023e 0D       		.byte	13
 604 023f 80       		.byte	-128
 605 0240 0E       		.byte	14
 606 0241 A0       		.byte	-96
 607 0242 0F       		.byte	15
 608 0243 04       		.byte	4
 609 0244 12       		.byte	18
 610 0245 02       		.byte	2
 611 0246 17       		.byte	23
 612 0247 25       		.byte	37
 613 0248 18       		.byte	24
 614 0249 04       		.byte	4
 615 024a 1A       		.byte	26
 616 024b 01       		.byte	1
 617 024c 1B       		.byte	27
 618 024d 10       		.byte	16
 619 024e 1E       		.byte	30
 620 024f 80       		.byte	-128
 621 0250 1F       		.byte	31
 622 0251 05       		.byte	5
 623 0252 21       		.byte	33
 624 0253 08       		.byte	8
 625 0254 22       		.byte	34
 626 0255 22       		.byte	34
 627 0256 23       		.byte	35
ARM GAS  C:\Users\LASER_2\AppData\Local\Temp\ccI0pqvD.s 			page 12


 628 0257 50       		.byte	80
 629 0258 25       		.byte	37
 630 0259 10       		.byte	16
 631 025a 26       		.byte	38
 632 025b 10       		.byte	16
 633 025c 27       		.byte	39
 634 025d 01       		.byte	1
 635 025e 29       		.byte	41
 636 025f 20       		.byte	32
 637 0260 2A       		.byte	42
 638 0261 08       		.byte	8
 639 0262 2B       		.byte	43
 640 0263 82       		.byte	-126
 641 0264 2F       		.byte	47
 642 0265 09       		.byte	9
 643 0266 30       		.byte	48
 644 0267 08       		.byte	8
 645 0268 32       		.byte	50
 646 0269 50       		.byte	80
 647 026a 37       		.byte	55
 648 026b 25       		.byte	37
 649 026c 38       		.byte	56
 650 026d 80       		.byte	-128
 651 026e 39       		.byte	57
 652 026f 08       		.byte	8
 653 0270 3A       		.byte	58
 654 0271 01       		.byte	1
 655 0272 3B       		.byte	59
 656 0273 10       		.byte	16
 657 0274 3D       		.byte	61
 658 0275 28       		.byte	40
 659 0276 3E       		.byte	62
 660 0277 02       		.byte	2
 661 0278 3F       		.byte	63
 662 0279 04       		.byte	4
 663 027a 40       		.byte	64
 664 027b 04       		.byte	4
 665 027c 46       		.byte	70
 666 027d 04       		.byte	4
 667 027e 48       		.byte	72
 668 027f 20       		.byte	32
 669 0280 49       		.byte	73
 670 0281 01       		.byte	1
 671 0282 4A       		.byte	74
 672 0283 08       		.byte	8
 673 0284 4F       		.byte	79
 674 0285 20       		.byte	32
 675 0286 52       		.byte	82
 676 0287 0C       		.byte	12
 677 0288 94       		.byte	-108
 678 0289 04       		.byte	4
 679 028a 9D       		.byte	-99
 680 028b 01       		.byte	1
 681 028c 9E       		.byte	-98
 682 028d 04       		.byte	4
 683 028e A4       		.byte	-92
 684 028f 20       		.byte	32
ARM GAS  C:\Users\LASER_2\AppData\Local\Temp\ccI0pqvD.s 			page 13


 685 0290 B1       		.byte	-79
 686 0291 80       		.byte	-128
 687 0292 C0       		.byte	-64
 688 0293 03       		.byte	3
 689 0294 C2       		.byte	-62
 690 0295 FC       		.byte	-4
 691 0296 C4       		.byte	-60
 692 0297 71       		.byte	113
 693 0298 CA       		.byte	-54
 694 0299 3F       		.byte	63
 695 029a CC       		.byte	-52
 696 029b EE       		.byte	-18
 697 029c CE       		.byte	-50
 698 029d EF       		.byte	-17
 699 029e D0       		.byte	-48
 700 029f 24       		.byte	36
 701 02a0 D2       		.byte	-46
 702 02a1 24       		.byte	36
 703 02a2 EA       		.byte	-22
 704 02a3 20       		.byte	32
 705 02a4 EE       		.byte	-18
 706 02a5 01       		.byte	1
 707 02a6 EE       		.byte	-18
 708 02a7 01       		.byte	1
 709 02a8 E4       		.byte	-28
 710 02a9 02       		.byte	2
 711 02aa 01       		.byte	1
 712 02ab 12       		.byte	18
 713 02ac 03       		.byte	3
 714 02ad A9       		.byte	-87
 715 02ae 05       		.byte	5
 716 02af 37       		.byte	55
 717 02b0 09       		.byte	9
 718 02b1 37       		.byte	55
 719 02b2 15       		.byte	21
 720 02b3 24       		.byte	36
 721 02b4 17       		.byte	23
 722 02b5 91       		.byte	-111
 723 02b6 19       		.byte	25
 724 02b7 01       		.byte	1
 725 02b8 1A       		.byte	26
 726 02b9 01       		.byte	1
 727 02ba 1B       		.byte	27
 728 02bb 46       		.byte	70
 729 02bc 1E       		.byte	30
 730 02bd 01       		.byte	1
 731 02be 26       		.byte	38
 732 02bf 02       		.byte	2
 733 02c0 2A       		.byte	42
 734 02c1 02       		.byte	2
 735 02c2 31       		.byte	49
 736 02c3 08       		.byte	8
 737 02c4 33       		.byte	51
 738 02c5 30       		.byte	48
 739 02c6 34       		.byte	52
 740 02c7 01       		.byte	1
 741 02c8 35       		.byte	53
ARM GAS  C:\Users\LASER_2\AppData\Local\Temp\ccI0pqvD.s 			page 14


 742 02c9 07       		.byte	7
 743 02ca 36       		.byte	54
 744 02cb 02       		.byte	2
 745 02cc 37       		.byte	55
 746 02cd C0       		.byte	-64
 747 02ce 3A       		.byte	58
 748 02cf 02       		.byte	2
 749 02d0 3E       		.byte	62
 750 02d1 50       		.byte	80
 751 02d2 3F       		.byte	63
 752 02d3 40       		.byte	64
 753 02d4 40       		.byte	64
 754 02d5 25       		.byte	37
 755 02d6 41       		.byte	65
 756 02d7 04       		.byte	4
 757 02d8 42       		.byte	66
 758 02d9 06       		.byte	6
 759 02da 44       		.byte	68
 760 02db 01       		.byte	1
 761 02dc 46       		.byte	70
 762 02dd 0E       		.byte	14
 763 02de 47       		.byte	71
 764 02df 0C       		.byte	12
 765 02e0 48       		.byte	72
 766 02e1 14       		.byte	20
 767 02e2 49       		.byte	73
 768 02e3 FF       		.byte	-1
 769 02e4 4A       		.byte	74
 770 02e5 FF       		.byte	-1
 771 02e6 4B       		.byte	75
 772 02e7 FF       		.byte	-1
 773 02e8 4C       		.byte	76
 774 02e9 62       		.byte	98
 775 02ea 4D       		.byte	77
 776 02eb A0       		.byte	-96
 777 02ec 4E       		.byte	78
 778 02ed F0       		.byte	-16
 779 02ee 4F       		.byte	79
 780 02ef 41       		.byte	65
 781 02f0 50       		.byte	80
 782 02f1 0C       		.byte	12
 783 02f2 52       		.byte	82
 784 02f3 80       		.byte	-128
 785 02f4 58       		.byte	88
 786 02f5 04       		.byte	4
 787 02f6 59       		.byte	89
 788 02f7 04       		.byte	4
 789 02f8 5A       		.byte	90
 790 02f9 04       		.byte	4
 791 02fa 5B       		.byte	91
 792 02fb 04       		.byte	4
 793 02fc 5C       		.byte	92
 794 02fd 11       		.byte	17
 795 02fe 5D       		.byte	93
 796 02ff 01       		.byte	1
 797 0300 5F       		.byte	95
 798 0301 01       		.byte	1
ARM GAS  C:\Users\LASER_2\AppData\Local\Temp\ccI0pqvD.s 			page 15


 799 0302 66       		.byte	102
 800 0303 40       		.byte	64
 801 0304 67       		.byte	103
 802 0305 02       		.byte	2
 803 0306 69       		.byte	105
 804 0307 10       		.byte	16
 805 0308 6A       		.byte	106
 806 0309 30       		.byte	48
 807 030a 6B       		.byte	107
 808 030b 10       		.byte	16
 809 030c 6D       		.byte	109
 810 030d 10       		.byte	16
 811 030e 6E       		.byte	110
 812 030f 10       		.byte	16
 813 0310 6F       		.byte	111
 814 0311 12       		.byte	18
 815 0312 85       		.byte	-123
 816 0313 08       		.byte	8
 817 0314 86       		.byte	-122
 818 0315 05       		.byte	5
 819 0316 87       		.byte	-121
 820 0317 01       		.byte	1
 821 0318 8C       		.byte	-116
 822 0319 03       		.byte	3
 823 031a 8E       		.byte	-114
 824 031b 04       		.byte	4
 825 031c 91       		.byte	-111
 826 031d 07       		.byte	7
 827 031e 98       		.byte	-104
 828 031f 03       		.byte	3
 829 0320 9A       		.byte	-102
 830 0321 04       		.byte	4
 831 0322 9C       		.byte	-100
 832 0323 0A       		.byte	10
 833 0324 9E       		.byte	-98
 834 0325 04       		.byte	4
 835 0326 A0       		.byte	-96
 836 0327 03       		.byte	3
 837 0328 A1       		.byte	-95
 838 0329 07       		.byte	7
 839 032a A2       		.byte	-94
 840 032b 0C       		.byte	12
 841 032c A6       		.byte	-90
 842 032d 08       		.byte	8
 843 032e AD       		.byte	-83
 844 032f 02       		.byte	2
 845 0330 AF       		.byte	-81
 846 0331 04       		.byte	4
 847 0332 B3       		.byte	-77
 848 0333 03       		.byte	3
 849 0334 B5       		.byte	-75
 850 0335 0C       		.byte	12
 851 0336 B6       		.byte	-74
 852 0337 0F       		.byte	15
 853 0338 B9       		.byte	-71
 854 0339 28       		.byte	40
 855 033a BA       		.byte	-70
ARM GAS  C:\Users\LASER_2\AppData\Local\Temp\ccI0pqvD.s 			page 16


 856 033b 80       		.byte	-128
 857 033c BF       		.byte	-65
 858 033d 04       		.byte	4
 859 033e C0       		.byte	-64
 860 033f 02       		.byte	2
 861 0340 C7       		.byte	-57
 862 0341 04       		.byte	4
 863 0342 C9       		.byte	-55
 864 0343 FF       		.byte	-1
 865 0344 CA       		.byte	-54
 866 0345 07       		.byte	7
 867 0346 CB       		.byte	-53
 868 0347 FF       		.byte	-1
 869 0348 CC       		.byte	-52
 870 0349 40       		.byte	64
 871 034a CD       		.byte	-51
 872 034b 20       		.byte	32
 873 034c CE       		.byte	-50
 874 034d F0       		.byte	-16
 875 034e CF       		.byte	-49
 876 034f 05       		.byte	5
 877 0350 D0       		.byte	-48
 878 0351 08       		.byte	8
 879 0352 D4       		.byte	-44
 880 0353 18       		.byte	24
 881 0354 D6       		.byte	-42
 882 0355 04       		.byte	4
 883 0356 D8       		.byte	-40
 884 0357 04       		.byte	4
 885 0358 D9       		.byte	-39
 886 0359 04       		.byte	4
 887 035a DA       		.byte	-38
 888 035b 04       		.byte	4
 889 035c DB       		.byte	-37
 890 035d 04       		.byte	4
 891 035e DC       		.byte	-36
 892 035f 11       		.byte	17
 893 0360 DD       		.byte	-35
 894 0361 11       		.byte	17
 895 0362 DF       		.byte	-33
 896 0363 01       		.byte	1
 897 0364 E0       		.byte	-32
 898 0365 40       		.byte	64
 899 0366 E1       		.byte	-31
 900 0367 A8       		.byte	-88
 901 0368 E2       		.byte	-30
 902 0369 40       		.byte	64
 903 036a E3       		.byte	-29
 904 036b 20       		.byte	32
 905 036c 04       		.byte	4
 906 036d 04       		.byte	4
 907 036e 07       		.byte	7
 908 036f 01       		.byte	1
 909 0370 09       		.byte	9
 910 0371 80       		.byte	-128
 911 0372 0A       		.byte	10
 912 0373 08       		.byte	8
ARM GAS  C:\Users\LASER_2\AppData\Local\Temp\ccI0pqvD.s 			page 17


 913 0374 0C       		.byte	12
 914 0375 40       		.byte	64
 915 0376 0F       		.byte	15
 916 0377 08       		.byte	8
 917 0378 10       		.byte	16
 918 0379 08       		.byte	8
 919 037a 12       		.byte	18
 920 037b 20       		.byte	32
 921 037c 15       		.byte	21
 922 037d 01       		.byte	1
 923 037e 17       		.byte	23
 924 037f 04       		.byte	4
 925 0380 18       		.byte	24
 926 0381 40       		.byte	64
 927 0382 19       		.byte	25
 928 0383 61       		.byte	97
 929 0384 1F       		.byte	31
 930 0385 40       		.byte	64
 931 0386 20       		.byte	32
 932 0387 01       		.byte	1
 933 0388 21       		.byte	33
 934 0389 0D       		.byte	13
 935 038a 22       		.byte	34
 936 038b 10       		.byte	16
 937 038c 27       		.byte	39
 938 038d 24       		.byte	36
 939 038e 2D       		.byte	45
 940 038f 01       		.byte	1
 941 0390 2E       		.byte	46
 942 0391 02       		.byte	2
 943 0392 2F       		.byte	47
 944 0393 41       		.byte	65
 945 0394 31       		.byte	49
 946 0395 08       		.byte	8
 947 0396 32       		.byte	50
 948 0397 10       		.byte	16
 949 0398 37       		.byte	55
 950 0399 01       		.byte	1
 951 039a 39       		.byte	57
 952 039b 14       		.byte	20
 953 039c 3A       		.byte	58
 954 039d 01       		.byte	1
 955 039e 3C       		.byte	60
 956 039f 04       		.byte	4
 957 03a0 3F       		.byte	63
 958 03a1 04       		.byte	4
 959 03a2 40       		.byte	64
 960 03a3 49       		.byte	73
 961 03a4 47       		.byte	71
 962 03a5 20       		.byte	32
 963 03a6 49       		.byte	73
 964 03a7 90       		.byte	-112
 965 03a8 4F       		.byte	79
 966 03a9 04       		.byte	4
 967 03aa 50       		.byte	80
 968 03ab 08       		.byte	8
 969 03ac 51       		.byte	81
ARM GAS  C:\Users\LASER_2\AppData\Local\Temp\ccI0pqvD.s 			page 18


 970 03ad 80       		.byte	-128
 971 03ae 55       		.byte	85
 972 03af 04       		.byte	4
 973 03b0 5F       		.byte	95
 974 03b1 02       		.byte	2
 975 03b2 61       		.byte	97
 976 03b3 10       		.byte	16
 977 03b4 62       		.byte	98
 978 03b5 20       		.byte	32
 979 03b6 65       		.byte	101
 980 03b7 62       		.byte	98
 981 03b8 72       		.byte	114
 982 03b9 40       		.byte	64
 983 03ba 82       		.byte	-126
 984 03bb 01       		.byte	1
 985 03bc 8D       		.byte	-115
 986 03bd 02       		.byte	2
 987 03be 91       		.byte	-111
 988 03bf 14       		.byte	20
 989 03c0 92       		.byte	-110
 990 03c1 08       		.byte	8
 991 03c2 93       		.byte	-109
 992 03c3 02       		.byte	2
 993 03c4 94       		.byte	-108
 994 03c5 44       		.byte	68
 995 03c6 95       		.byte	-107
 996 03c7 0A       		.byte	10
 997 03c8 96       		.byte	-106
 998 03c9 60       		.byte	96
 999 03ca 98       		.byte	-104
 1000 03cb 48       		.byte	72
 1001 03cc 99       		.byte	-103
 1002 03cd 80       		.byte	-128
 1003 03ce 9B       		.byte	-101
 1004 03cf 03       		.byte	3
 1005 03d0 9D       		.byte	-99
 1006 03d1 01       		.byte	1
 1007 03d2 9E       		.byte	-98
 1008 03d3 03       		.byte	3
 1009 03d4 9F       		.byte	-97
 1010 03d5 04       		.byte	4
 1011 03d6 A2       		.byte	-94
 1012 03d7 20       		.byte	32
 1013 03d8 A3       		.byte	-93
 1014 03d9 04       		.byte	4
 1015 03da A5       		.byte	-91
 1016 03db 04       		.byte	4
 1017 03dc A8       		.byte	-88
 1018 03dd 20       		.byte	32
 1019 03de AB       		.byte	-85
 1020 03df 04       		.byte	4
 1021 03e0 C0       		.byte	-64
 1022 03e1 A0       		.byte	-96
 1023 03e2 C2       		.byte	-62
 1024 03e3 C3       		.byte	-61
 1025 03e4 C4       		.byte	-60
 1026 03e5 36       		.byte	54
ARM GAS  C:\Users\LASER_2\AppData\Local\Temp\ccI0pqvD.s 			page 19


 1027 03e6 CA       		.byte	-54
 1028 03e7 90       		.byte	-112
 1029 03e8 CC       		.byte	-52
 1030 03e9 86       		.byte	-122
 1031 03ea CE       		.byte	-50
 1032 03eb 47       		.byte	71
 1033 03ec D0       		.byte	-48
 1034 03ed 2D       		.byte	45
 1035 03ee D2       		.byte	-46
 1036 03ef 0C       		.byte	12
 1037 03f0 D6       		.byte	-42
 1038 03f1 80       		.byte	-128
 1039 03f2 D8       		.byte	-40
 1040 03f3 B0       		.byte	-80
 1041 03f4 E2       		.byte	-30
 1042 03f5 40       		.byte	64
 1043 03f6 EA       		.byte	-22
 1044 03f7 01       		.byte	1
 1045 03f8 06       		.byte	6
 1046 03f9 01       		.byte	1
 1047 03fa 0D       		.byte	13
 1048 03fb 01       		.byte	1
 1049 03fc 1A       		.byte	26
 1050 03fd 01       		.byte	1
 1051 03fe 1E       		.byte	30
 1052 03ff 01       		.byte	1
 1053 0400 20       		.byte	32
 1054 0401 01       		.byte	1
 1055 0402 2C       		.byte	44
 1056 0403 01       		.byte	1
 1057 0404 30       		.byte	48
 1058 0405 01       		.byte	1
 1059 0406 33       		.byte	51
 1060 0407 01       		.byte	1
 1061 0408 3E       		.byte	62
 1062 0409 01       		.byte	1
 1063 040a 3F       		.byte	63
 1064 040b 04       		.byte	4
 1065 040c 40       		.byte	64
 1066 040d 12       		.byte	18
 1067 040e 41       		.byte	65
 1068 040f 04       		.byte	4
 1069 0410 45       		.byte	69
 1070 0411 0C       		.byte	12
 1071 0412 46       		.byte	70
 1072 0413 0E       		.byte	14
 1073 0414 47       		.byte	71
 1074 0415 0B       		.byte	11
 1075 0416 48       		.byte	72
 1076 0417 15       		.byte	21
 1077 0418 49       		.byte	73
 1078 0419 FF       		.byte	-1
 1079 041a 4A       		.byte	74
 1080 041b FF       		.byte	-1
 1081 041c 4B       		.byte	75
 1082 041d FF       		.byte	-1
 1083 041e 4E       		.byte	78
ARM GAS  C:\Users\LASER_2\AppData\Local\Temp\ccI0pqvD.s 			page 20


 1084 041f F0       		.byte	-16
 1085 0420 4F       		.byte	79
 1086 0421 44       		.byte	68
 1087 0422 50       		.byte	80
 1088 0423 0C       		.byte	12
 1089 0424 54       		.byte	84
 1090 0425 01       		.byte	1
 1091 0426 58       		.byte	88
 1092 0427 04       		.byte	4
 1093 0428 59       		.byte	89
 1094 0429 04       		.byte	4
 1095 042a 5A       		.byte	90
 1096 042b 04       		.byte	4
 1097 042c 5B       		.byte	91
 1098 042d 04       		.byte	4
 1099 042e 5D       		.byte	93
 1100 042f 11       		.byte	17
 1101 0430 5F       		.byte	95
 1102 0431 01       		.byte	1
 1103 0432 66       		.byte	102
 1104 0433 C0       		.byte	-64
 1105 0434 6A       		.byte	106
 1106 0435 40       		.byte	64
 1107 0436 6B       		.byte	107
 1108 0437 02       		.byte	2
 1109 0438 83       		.byte	-125
 1110 0439 04       		.byte	4
 1111 043a 84       		.byte	-124
 1112 043b 01       		.byte	1
 1113 043c 85       		.byte	-123
 1114 043d 40       		.byte	64
 1115 043e 89       		.byte	-119
 1116 043f 18       		.byte	24
 1117 0440 8A       		.byte	-118
 1118 0441 02       		.byte	2
 1119 0442 8C       		.byte	-116
 1120 0443 02       		.byte	2
 1121 0444 8D       		.byte	-115
 1122 0445 10       		.byte	16
 1123 0446 91       		.byte	-111
 1124 0447 7F       		.byte	127
 1125 0448 92       		.byte	-110
 1126 0449 02       		.byte	2
 1127 044a 94       		.byte	-108
 1128 044b 02       		.byte	2
 1129 044c 95       		.byte	-107
 1130 044d 1C       		.byte	28
 1131 044e 97       		.byte	-105
 1132 044f 62       		.byte	98
 1133 0450 99       		.byte	-103
 1134 0451 60       		.byte	96
 1135 0452 9D       		.byte	-99
 1136 0453 1C       		.byte	28
 1137 0454 9F       		.byte	-97
 1138 0455 61       		.byte	97
 1139 0456 A1       		.byte	-95
 1140 0457 24       		.byte	36
ARM GAS  C:\Users\LASER_2\AppData\Local\Temp\ccI0pqvD.s 			page 21


 1141 0458 A5       		.byte	-91
 1142 0459 08       		.byte	8
 1143 045a A8       		.byte	-88
 1144 045b 01       		.byte	1
 1145 045c A9       		.byte	-87
 1146 045d 67       		.byte	103
 1147 045e AB       		.byte	-85
 1148 045f 18       		.byte	24
 1149 0460 AC       		.byte	-84
 1150 0461 01       		.byte	1
 1151 0462 AF       		.byte	-81
 1152 0463 63       		.byte	99
 1153 0464 B3       		.byte	-77
 1154 0465 1F       		.byte	31
 1155 0466 B4       		.byte	-76
 1156 0467 02       		.byte	2
 1157 0468 B6       		.byte	-74
 1158 0469 01       		.byte	1
 1159 046a B7       		.byte	-73
 1160 046b 60       		.byte	96
 1161 046c B8       		.byte	-72
 1162 046d 20       		.byte	32
 1163 046e BB       		.byte	-69
 1164 046f 08       		.byte	8
 1165 0470 D6       		.byte	-42
 1166 0471 02       		.byte	2
 1167 0472 D7       		.byte	-41
 1168 0473 13       		.byte	19
 1169 0474 D8       		.byte	-40
 1170 0475 04       		.byte	4
 1171 0476 D9       		.byte	-39
 1172 0477 04       		.byte	4
 1173 0478 DB       		.byte	-37
 1174 0479 04       		.byte	4
 1175 047a DC       		.byte	-36
 1176 047b 11       		.byte	17
 1177 047c DD       		.byte	-35
 1178 047d 10       		.byte	16
 1179 047e DF       		.byte	-33
 1180 047f 01       		.byte	1
 1181 0480 00       		.byte	0
 1182 0481 60       		.byte	96
 1183 0482 01       		.byte	1
 1184 0483 04       		.byte	4
 1185 0484 04       		.byte	4
 1186 0485 04       		.byte	4
 1187 0486 07       		.byte	7
 1188 0487 20       		.byte	32
 1189 0488 08       		.byte	8
 1190 0489 48       		.byte	72
 1191 048a 0A       		.byte	10
 1192 048b 80       		.byte	-128
 1193 048c 0B       		.byte	11
 1194 048d 42       		.byte	66
 1195 048e 0C       		.byte	12
 1196 048f 40       		.byte	64
 1197 0490 0F       		.byte	15
ARM GAS  C:\Users\LASER_2\AppData\Local\Temp\ccI0pqvD.s 			page 22


 1198 0491 08       		.byte	8
 1199 0492 10       		.byte	16
 1200 0493 02       		.byte	2
 1201 0494 11       		.byte	17
 1202 0495 10       		.byte	16
 1203 0496 16       		.byte	22
 1204 0497 02       		.byte	2
 1205 0498 17       		.byte	23
 1206 0499 01       		.byte	1
 1207 049a 19       		.byte	25
 1208 049b 80       		.byte	-128
 1209 049c 1A       		.byte	26
 1210 049d 08       		.byte	8
 1211 049e 1B       		.byte	27
 1212 049f 80       		.byte	-128
 1213 04a0 1E       		.byte	30
 1214 04a1 80       		.byte	-128
 1215 04a2 20       		.byte	32
 1216 04a3 20       		.byte	32
 1217 04a4 21       		.byte	33
 1218 04a5 08       		.byte	8
 1219 04a6 23       		.byte	35
 1220 04a7 02       		.byte	2
 1221 04a8 26       		.byte	38
 1222 04a9 04       		.byte	4
 1223 04aa 28       		.byte	40
 1224 04ab 08       		.byte	8
 1225 04ac 29       		.byte	41
 1226 04ad 80       		.byte	-128
 1227 04ae 2A       		.byte	42
 1228 04af 09       		.byte	9
 1229 04b0 31       		.byte	49
 1230 04b1 09       		.byte	9
 1231 04b2 32       		.byte	50
 1232 04b3 50       		.byte	80
 1233 04b4 38       		.byte	56
 1234 04b5 80       		.byte	-128
 1235 04b6 39       		.byte	57
 1236 04b7 0A       		.byte	10
 1237 04b8 3A       		.byte	58
 1238 04b9 20       		.byte	32
 1239 04ba 3F       		.byte	63
 1240 04bb 80       		.byte	-128
 1241 04bc 45       		.byte	69
 1242 04bd 80       		.byte	-128
 1243 04be 46       		.byte	70
 1244 04bf 02       		.byte	2
 1245 04c0 47       		.byte	71
 1246 04c1 21       		.byte	33
 1247 04c2 4F       		.byte	79
 1248 04c3 08       		.byte	8
 1249 04c4 57       		.byte	87
 1250 04c5 48       		.byte	72
 1251 04c6 5A       		.byte	90
 1252 04c7 01       		.byte	1
 1253 04c8 5C       		.byte	92
 1254 04c9 20       		.byte	32
ARM GAS  C:\Users\LASER_2\AppData\Local\Temp\ccI0pqvD.s 			page 23


 1255 04ca 5D       		.byte	93
 1256 04cb 01       		.byte	1
 1257 04cc 5E       		.byte	94
 1258 04cd 88       		.byte	-120
 1259 04ce 68       		.byte	104
 1260 04cf 02       		.byte	2
 1261 04d0 69       		.byte	105
 1262 04d1 14       		.byte	20
 1263 04d2 70       		.byte	112
 1264 04d3 48       		.byte	72
 1265 04d4 72       		.byte	114
 1266 04d5 28       		.byte	40
 1267 04d6 79       		.byte	121
 1268 04d7 01       		.byte	1
 1269 04d8 7B       		.byte	123
 1270 04d9 40       		.byte	64
 1271 04da 92       		.byte	-110
 1272 04db 01       		.byte	1
 1273 04dc 93       		.byte	-109
 1274 04dd 42       		.byte	66
 1275 04de 94       		.byte	-108
 1276 04df C0       		.byte	-64
 1277 04e0 95       		.byte	-107
 1278 04e1 08       		.byte	8
 1279 04e2 96       		.byte	-106
 1280 04e3 E0       		.byte	-32
 1281 04e4 98       		.byte	-104
 1282 04e5 08       		.byte	8
 1283 04e6 9B       		.byte	-101
 1284 04e7 01       		.byte	1
 1285 04e8 9E       		.byte	-98
 1286 04e9 0B       		.byte	11
 1287 04ea 9F       		.byte	-97
 1288 04eb 24       		.byte	36
 1289 04ec A2       		.byte	-94
 1290 04ed 20       		.byte	32
 1291 04ee A4       		.byte	-92
 1292 04ef 18       		.byte	24
 1293 04f0 A5       		.byte	-91
 1294 04f1 84       		.byte	-124
 1295 04f2 A7       		.byte	-89
 1296 04f3 88       		.byte	-120
 1297 04f4 B3       		.byte	-77
 1298 04f5 04       		.byte	4
 1299 04f6 C0       		.byte	-64
 1300 04f7 27       		.byte	39
 1301 04f8 C2       		.byte	-62
 1302 04f9 CC       		.byte	-52
 1303 04fa C4       		.byte	-60
 1304 04fb 93       		.byte	-109
 1305 04fc CA       		.byte	-54
 1306 04fd 0F       		.byte	15
 1307 04fe CC       		.byte	-52
 1308 04ff 0F       		.byte	15
 1309 0500 CE       		.byte	-50
 1310 0501 1F       		.byte	31
 1311 0502 D0       		.byte	-48
ARM GAS  C:\Users\LASER_2\AppData\Local\Temp\ccI0pqvD.s 			page 24


 1312 0503 B0       		.byte	-80
 1313 0504 D6       		.byte	-42
 1314 0505 F1       		.byte	-15
 1315 0506 EA       		.byte	-22
 1316 0507 80       		.byte	-128
 1317 0508 EA       		.byte	-22
 1318 0509 01       		.byte	1
 1319 050a 33       		.byte	51
 1320 050b 80       		.byte	-128
 1321 050c 37       		.byte	55
 1322 050d 40       		.byte	64
 1323 050e CC       		.byte	-52
 1324 050f 30       		.byte	48
 1325 0510 50       		.byte	80
 1326 0511 04       		.byte	4
 1327 0512 5E       		.byte	94
 1328 0513 80       		.byte	-128
 1329 0514 9F       		.byte	-97
 1330 0515 40       		.byte	64
 1331 0516 A7       		.byte	-89
 1332 0517 80       		.byte	-128
 1333 0518 D4       		.byte	-44
 1334 0519 20       		.byte	32
 1335 051a D6       		.byte	-42
 1336 051b 20       		.byte	32
 1337 051c 3E       		.byte	62
 1338 051d 10       		.byte	16
 1339 051e 80       		.byte	-128
 1340 051f 04       		.byte	4
 1341 0520 94       		.byte	-108
 1342 0521 08       		.byte	8
 1343 0522 9F       		.byte	-97
 1344 0523 40       		.byte	64
 1345 0524 A6       		.byte	-90
 1346 0525 40       		.byte	64
 1347 0526 A7       		.byte	-89
 1348 0527 80       		.byte	-128
 1349 0528 CE       		.byte	-50
 1350 0529 20       		.byte	32
 1351 052a E6       		.byte	-26
 1352 052b 80       		.byte	-128
 1353 052c 96       		.byte	-106
 1354 052d 10       		.byte	16
 1355 052e A7       		.byte	-89
 1356 052f 80       		.byte	-128
 1357 0530 AB       		.byte	-85
 1358 0531 40       		.byte	64
 1359 0532 B2       		.byte	-78
 1360 0533 40       		.byte	64
 1361 0534 EE       		.byte	-18
 1362 0535 80       		.byte	-128
 1363 0536 01       		.byte	1
 1364 0537 10       		.byte	16
 1365 0538 04       		.byte	4
 1366 0539 10       		.byte	16
 1367 053a 54       		.byte	84
 1368 053b 80       		.byte	-128
ARM GAS  C:\Users\LASER_2\AppData\Local\Temp\ccI0pqvD.s 			page 25


 1369 053c 58       		.byte	88
 1370 053d 10       		.byte	16
 1371 053e 5C       		.byte	92
 1372 053f 02       		.byte	2
 1373 0540 C0       		.byte	-64
 1374 0541 03       		.byte	3
 1375 0542 D4       		.byte	-44
 1376 0543 03       		.byte	3
 1377 0544 D6       		.byte	-42
 1378 0545 01       		.byte	1
 1379 0546 1A       		.byte	26
 1380 0547 80       		.byte	-128
 1381 0548 84       		.byte	-124
 1382 0549 02       		.byte	2
 1383 054a 90       		.byte	-112
 1384 054b 10       		.byte	16
 1385 054c 91       		.byte	-111
 1386 054d 10       		.byte	16
 1387 054e 9C       		.byte	-100
 1388 054f 12       		.byte	18
 1389 0550 A4       		.byte	-92
 1390 0551 80       		.byte	-128
 1391 0552 C6       		.byte	-58
 1392 0553 08       		.byte	8
 1393 0554 90       		.byte	-112
 1394 0555 10       		.byte	16
 1395 0556 91       		.byte	-111
 1396 0557 10       		.byte	16
 1397 0558 9C       		.byte	-100
 1398 0559 10       		.byte	16
 1399 055a A4       		.byte	-92
 1400 055b 80       		.byte	-128
 1401 055c AA       		.byte	-86
 1402 055d 40       		.byte	64
 1403 055e 96       		.byte	-106
 1404 055f 10       		.byte	16
 1405 0560 98       		.byte	-104
 1406 0561 40       		.byte	64
 1407 0562 A7       		.byte	-89
 1408 0563 80       		.byte	-128
 1409 0564 B0       		.byte	-80
 1410 0565 40       		.byte	64
 1411 0566 03       		.byte	3
 1412 0567 10       		.byte	16
 1413 0568 58       		.byte	88
 1414 0569 40       		.byte	64
 1415 056a 83       		.byte	-125
 1416 056b 10       		.byte	16
 1417 056c 8F       		.byte	-113
 1418 056d 80       		.byte	-128
 1419 056e 98       		.byte	-104
 1420 056f 40       		.byte	64
 1421 0570 A7       		.byte	-89
 1422 0571 80       		.byte	-128
 1423 0572 AA       		.byte	-86
 1424 0573 10       		.byte	16
 1425 0574 C0       		.byte	-64
ARM GAS  C:\Users\LASER_2\AppData\Local\Temp\ccI0pqvD.s 			page 26


 1426 0575 10       		.byte	16
 1427 0576 D4       		.byte	-44
 1428 0577 80       		.byte	-128
 1429 0578 E0       		.byte	-32
 1430 0579 20       		.byte	32
 1431 057a EA       		.byte	-22
 1432 057b 80       		.byte	-128
 1433 057c 10       		.byte	16
 1434 057d 80       		.byte	-128
 1435 057e 13       		.byte	19
 1436 057f 20       		.byte	32
 1437 0580 14       		.byte	20
 1438 0581 10       		.byte	16
 1439 0582 79       		.byte	121
 1440 0583 10       		.byte	16
 1441 0584 7C       		.byte	124
 1442 0585 10       		.byte	16
 1443 0586 90       		.byte	-112
 1444 0587 10       		.byte	16
 1445 0588 91       		.byte	-111
 1446 0589 10       		.byte	16
 1447 058a 9C       		.byte	-100
 1448 058b 10       		.byte	16
 1449 058c A4       		.byte	-92
 1450 058d 80       		.byte	-128
 1451 058e C4       		.byte	-60
 1452 058f 0E       		.byte	14
 1453 0590 DE       		.byte	-34
 1454 0591 03       		.byte	3
 1455 0592 AB       		.byte	-85
 1456 0593 20       		.byte	32
 1457 0594 00       		.byte	0
 1458 0595 07       		.byte	7
 1459 0596 0A       		.byte	10
 1460 0597 07       		.byte	7
 1461 0598 10       		.byte	16
 1462 0599 03       		.byte	3
 1463 059a 1A       		.byte	26
 1464 059b 03       		.byte	3
 1465 059c 00       		.byte	0
 1466 059d 0F       		.byte	15
 1467 059e 03       		.byte	3
 1468 059f C0       		.byte	-64
 1469 05a0 00       		.byte	0
 1470 05a1 03       		.byte	3
 1471 05a2 03       		.byte	3
 1472 05a3 00       		.byte	0
 1473 05a4 03       		.byte	3
 1474 05a5 00       		.byte	0
 1475 05a6 00       		.byte	0
 1476 05a7 00       		.byte	0
 1477 05a8 00       		.byte	0
 1478 05a9 0B       		.byte	11
 1479 05aa 0B       		.byte	11
 1480 05ab 00       		.byte	0
 1481 05ac 00       		.byte	0
 1482 05ad 00       		.byte	0
ARM GAS  C:\Users\LASER_2\AppData\Local\Temp\ccI0pqvD.s 			page 27


 1483 05ae 00       		.byte	0
 1484 05af 00       		.byte	0
 1485 05b0 00       		.byte	0
 1486 05b1 32       		.byte	50
 1487 05b2 3E       		.byte	62
 1488 05b3 00       		.byte	0
 1489 05b4 1C       		.byte	28
 1490 05b5 00       		.byte	0
 1491 05b6 80       		.byte	-128
 1492 05b7 00       		.byte	0
 1493 05b8 02       		.byte	2
 1494 05b9 00       		.byte	0
 1495 05ba 01       		.byte	1
 1496 05bb 02       		.byte	2
 1497 05bc 02       		.byte	2
 1498 05bd 00       		.byte	0
 1499 05be 02       		.byte	2
 1500 05bf 00       		.byte	0
 1501 05c0 00       		.byte	0
 1502 05c1 00       		.byte	0
 1503 05c2 00       		.byte	0
 1504 05c3 00       		.byte	0
 1505 05c4 13       		.byte	19
 1506 05c5 00       		.byte	0
 1507 05c6 18       		.byte	24
 1508 05c7 01       		.byte	1
 1509              		.section	.cywolatch,"a",%progbits
 1510              		.align	2
 1511              		.type	cy_meta_wonvl, %object
 1512              		.size	cy_meta_wonvl, 4
 1513              	cy_meta_wonvl:
 1514 0000 BC       		.byte	-68
 1515 0001 90       		.byte	-112
 1516 0002 AC       		.byte	-84
 1517 0003 AF       		.byte	-81
 1518              		.section	.cycustnvl,"a",%progbits
 1519              		.align	2
 1520              		.type	cy_meta_custnvl, %object
 1521              		.size	cy_meta_custnvl, 4
 1522              	cy_meta_custnvl:
 1523 0000 00       		.byte	0
 1524 0001 00       		.byte	0
 1525 0002 40       		.byte	64
 1526 0003 05       		.byte	5
 1527              		.section	.cymeta,"a",%progbits
 1528              		.align	2
 1529              		.type	cy_metadata, %object
 1530              		.size	cy_metadata, 12
 1531              	cy_metadata:
 1532 0000 00       		.byte	0
 1533 0001 01       		.byte	1
 1534 0002 2E       		.byte	46
 1535 0003 16       		.byte	22
 1536 0004 10       		.byte	16
 1537 0005 69       		.byte	105
 1538 0006 00       		.byte	0
 1539 0007 01       		.byte	1
ARM GAS  C:\Users\LASER_2\AppData\Local\Temp\ccI0pqvD.s 			page 28


 1540 0008 00       		.byte	0
 1541 0009 00       		.byte	0
 1542 000a 00       		.byte	0
 1543 000b 00       		.byte	0
 1544              		.section	.cyflashprotect,"a",%progbits
 1545              		.align	2
 1546              		.type	cy_meta_flashprotect, %object
 1547              		.size	cy_meta_flashprotect, 256
 1548              	cy_meta_flashprotect:
 1549 0000 00000000 		.space	256
 1549      00000000 
 1549      00000000 
 1549      00000000 
 1549      00000000 
 1550              		.text
 1551              	.Letext0:
 1552              		.file 1 "c:\\program files (x86)\\cypress\\psoc creator\\4.2\\psoc creator\\import\\gnu\\arm\\5.4.
 1553              		.file 2 "c:\\program files (x86)\\cypress\\psoc creator\\4.2\\psoc creator\\import\\gnu\\arm\\5.4.
 1554              		.file 3 "Generated_Source\\PSoC5\\cymetadata.c"
 1555              		.section	.debug_info,"",%progbits
 1556              	.Ldebug_info0:
 1557 0000 33010000 		.4byte	0x133
 1558 0004 0400     		.2byte	0x4
 1559 0006 00000000 		.4byte	.Ldebug_abbrev0
 1560 000a 04       		.byte	0x4
 1561 000b 01       		.uleb128 0x1
 1562 000c 24000000 		.4byte	.LASF17
 1563 0010 0C       		.byte	0xc
 1564 0011 C6010000 		.4byte	.LASF18
 1565 0015 D7000000 		.4byte	.LASF19
 1566 0019 00000000 		.4byte	.Ldebug_line0
 1567 001d 02       		.uleb128 0x2
 1568 001e 01       		.byte	0x1
 1569 001f 06       		.byte	0x6
 1570 0020 BA010000 		.4byte	.LASF0
 1571 0024 03       		.uleb128 0x3
 1572 0025 00000000 		.4byte	.LASF9
 1573 0029 01       		.byte	0x1
 1574 002a 1D       		.byte	0x1d
 1575 002b 2F000000 		.4byte	0x2f
 1576 002f 02       		.uleb128 0x2
 1577 0030 01       		.byte	0x1
 1578 0031 08       		.byte	0x8
 1579 0032 16000000 		.4byte	.LASF1
 1580 0036 02       		.uleb128 0x2
 1581 0037 02       		.byte	0x2
 1582 0038 05       		.byte	0x5
 1583 0039 A7010000 		.4byte	.LASF2
 1584 003d 02       		.uleb128 0x2
 1585 003e 02       		.byte	0x2
 1586 003f 07       		.byte	0x7
 1587 0040 C4000000 		.4byte	.LASF3
 1588 0044 02       		.uleb128 0x2
 1589 0045 04       		.byte	0x4
 1590 0046 05       		.byte	0x5
 1591 0047 B1010000 		.4byte	.LASF4
 1592 004b 02       		.uleb128 0x2
ARM GAS  C:\Users\LASER_2\AppData\Local\Temp\ccI0pqvD.s 			page 29


 1593 004c 04       		.byte	0x4
 1594 004d 07       		.byte	0x7
 1595 004e B2000000 		.4byte	.LASF5
 1596 0052 02       		.uleb128 0x2
 1597 0053 08       		.byte	0x8
 1598 0054 05       		.byte	0x5
 1599 0055 99010000 		.4byte	.LASF6
 1600 0059 02       		.uleb128 0x2
 1601 005a 08       		.byte	0x8
 1602 005b 07       		.byte	0x7
 1603 005c 4E010000 		.4byte	.LASF7
 1604 0060 04       		.uleb128 0x4
 1605 0061 04       		.byte	0x4
 1606 0062 05       		.byte	0x5
 1607 0063 696E7400 		.ascii	"int\000"
 1608 0067 02       		.uleb128 0x2
 1609 0068 04       		.byte	0x4
 1610 0069 07       		.byte	0x7
 1611 006a 41010000 		.4byte	.LASF8
 1612 006e 03       		.uleb128 0x3
 1613 006f 65010000 		.4byte	.LASF10
 1614 0073 02       		.byte	0x2
 1615 0074 18       		.byte	0x18
 1616 0075 24000000 		.4byte	0x24
 1617 0079 05       		.uleb128 0x5
 1618 007a 91000000 		.4byte	0x91
 1619 007e 8A000000 		.4byte	0x8a
 1620 0082 06       		.uleb128 0x6
 1621 0083 8A000000 		.4byte	0x8a
 1622 0087 C705     		.2byte	0x5c7
 1623 0089 00       		.byte	0
 1624 008a 02       		.uleb128 0x2
 1625 008b 04       		.byte	0x4
 1626 008c 07       		.byte	0x7
 1627 008d 90010000 		.4byte	.LASF11
 1628 0091 07       		.uleb128 0x7
 1629 0092 6E000000 		.4byte	0x6e
 1630 0096 08       		.uleb128 0x8
 1631 0097 2F010000 		.4byte	.LASF12
 1632 009b 03       		.byte	0x3
 1633 009c 1F       		.byte	0x1f
 1634 009d A7000000 		.4byte	0xa7
 1635 00a1 05       		.uleb128 0x5
 1636 00a2 03       		.byte	0x3
 1637 00a3 00000000 		.4byte	cy_meta_configecc
 1638 00a7 07       		.uleb128 0x7
 1639 00a8 79000000 		.4byte	0x79
 1640 00ac 05       		.uleb128 0x5
 1641 00ad 91000000 		.4byte	0x91
 1642 00b1 BC000000 		.4byte	0xbc
 1643 00b5 09       		.uleb128 0x9
 1644 00b6 8A000000 		.4byte	0x8a
 1645 00ba 03       		.byte	0x3
 1646 00bb 00       		.byte	0
 1647 00bc 08       		.uleb128 0x8
 1648 00bd 1F010000 		.4byte	.LASF13
 1649 00c1 03       		.byte	0x3
ARM GAS  C:\Users\LASER_2\AppData\Local\Temp\ccI0pqvD.s 			page 30


 1650 00c2 E5       		.byte	0xe5
 1651 00c3 CD000000 		.4byte	0xcd
 1652 00c7 05       		.uleb128 0x5
 1653 00c8 03       		.byte	0x3
 1654 00c9 00000000 		.4byte	cy_meta_custnvl
 1655 00cd 07       		.uleb128 0x7
 1656 00ce AC000000 		.4byte	0xac
 1657 00d2 08       		.uleb128 0x8
 1658 00d3 82010000 		.4byte	.LASF14
 1659 00d7 03       		.byte	0x3
 1660 00d8 F3       		.byte	0xf3
 1661 00d9 E3000000 		.4byte	0xe3
 1662 00dd 05       		.uleb128 0x5
 1663 00de 03       		.byte	0x3
 1664 00df 00000000 		.4byte	cy_meta_wonvl
 1665 00e3 07       		.uleb128 0x7
 1666 00e4 AC000000 		.4byte	0xac
 1667 00e8 05       		.uleb128 0x5
 1668 00e9 91000000 		.4byte	0x91
 1669 00ed F8000000 		.4byte	0xf8
 1670 00f1 09       		.uleb128 0x9
 1671 00f2 8A000000 		.4byte	0x8a
 1672 00f6 FF       		.byte	0xff
 1673 00f7 00       		.byte	0
 1674 00f8 0A       		.uleb128 0xa
 1675 00f9 6D010000 		.4byte	.LASF15
 1676 00fd 03       		.byte	0x3
 1677 00fe 0101     		.2byte	0x101
 1678 0100 0A010000 		.4byte	0x10a
 1679 0104 05       		.uleb128 0x5
 1680 0105 03       		.byte	0x3
 1681 0106 00000000 		.4byte	cy_meta_flashprotect
 1682 010a 07       		.uleb128 0x7
 1683 010b E8000000 		.4byte	0xe8
 1684 010f 05       		.uleb128 0x5
 1685 0110 91000000 		.4byte	0x91
 1686 0114 1F010000 		.4byte	0x11f
 1687 0118 09       		.uleb128 0x9
 1688 0119 8A000000 		.4byte	0x8a
 1689 011d 0B       		.byte	0xb
 1690 011e 00       		.byte	0
 1691 011f 0A       		.uleb128 0xa
 1692 0120 0A000000 		.4byte	.LASF16
 1693 0124 03       		.byte	0x3
 1694 0125 2E01     		.2byte	0x12e
 1695 0127 31010000 		.4byte	0x131
 1696 012b 05       		.uleb128 0x5
 1697 012c 03       		.byte	0x3
 1698 012d 00000000 		.4byte	cy_metadata
 1699 0131 07       		.uleb128 0x7
 1700 0132 0F010000 		.4byte	0x10f
 1701 0136 00       		.byte	0
 1702              		.section	.debug_abbrev,"",%progbits
 1703              	.Ldebug_abbrev0:
 1704 0000 01       		.uleb128 0x1
 1705 0001 11       		.uleb128 0x11
 1706 0002 01       		.byte	0x1
ARM GAS  C:\Users\LASER_2\AppData\Local\Temp\ccI0pqvD.s 			page 31


 1707 0003 25       		.uleb128 0x25
 1708 0004 0E       		.uleb128 0xe
 1709 0005 13       		.uleb128 0x13
 1710 0006 0B       		.uleb128 0xb
 1711 0007 03       		.uleb128 0x3
 1712 0008 0E       		.uleb128 0xe
 1713 0009 1B       		.uleb128 0x1b
 1714 000a 0E       		.uleb128 0xe
 1715 000b 10       		.uleb128 0x10
 1716 000c 17       		.uleb128 0x17
 1717 000d 00       		.byte	0
 1718 000e 00       		.byte	0
 1719 000f 02       		.uleb128 0x2
 1720 0010 24       		.uleb128 0x24
 1721 0011 00       		.byte	0
 1722 0012 0B       		.uleb128 0xb
 1723 0013 0B       		.uleb128 0xb
 1724 0014 3E       		.uleb128 0x3e
 1725 0015 0B       		.uleb128 0xb
 1726 0016 03       		.uleb128 0x3
 1727 0017 0E       		.uleb128 0xe
 1728 0018 00       		.byte	0
 1729 0019 00       		.byte	0
 1730 001a 03       		.uleb128 0x3
 1731 001b 16       		.uleb128 0x16
 1732 001c 00       		.byte	0
 1733 001d 03       		.uleb128 0x3
 1734 001e 0E       		.uleb128 0xe
 1735 001f 3A       		.uleb128 0x3a
 1736 0020 0B       		.uleb128 0xb
 1737 0021 3B       		.uleb128 0x3b
 1738 0022 0B       		.uleb128 0xb
 1739 0023 49       		.uleb128 0x49
 1740 0024 13       		.uleb128 0x13
 1741 0025 00       		.byte	0
 1742 0026 00       		.byte	0
 1743 0027 04       		.uleb128 0x4
 1744 0028 24       		.uleb128 0x24
 1745 0029 00       		.byte	0
 1746 002a 0B       		.uleb128 0xb
 1747 002b 0B       		.uleb128 0xb
 1748 002c 3E       		.uleb128 0x3e
 1749 002d 0B       		.uleb128 0xb
 1750 002e 03       		.uleb128 0x3
 1751 002f 08       		.uleb128 0x8
 1752 0030 00       		.byte	0
 1753 0031 00       		.byte	0
 1754 0032 05       		.uleb128 0x5
 1755 0033 01       		.uleb128 0x1
 1756 0034 01       		.byte	0x1
 1757 0035 49       		.uleb128 0x49
 1758 0036 13       		.uleb128 0x13
 1759 0037 01       		.uleb128 0x1
 1760 0038 13       		.uleb128 0x13
 1761 0039 00       		.byte	0
 1762 003a 00       		.byte	0
 1763 003b 06       		.uleb128 0x6
ARM GAS  C:\Users\LASER_2\AppData\Local\Temp\ccI0pqvD.s 			page 32


 1764 003c 21       		.uleb128 0x21
 1765 003d 00       		.byte	0
 1766 003e 49       		.uleb128 0x49
 1767 003f 13       		.uleb128 0x13
 1768 0040 2F       		.uleb128 0x2f
 1769 0041 05       		.uleb128 0x5
 1770 0042 00       		.byte	0
 1771 0043 00       		.byte	0
 1772 0044 07       		.uleb128 0x7
 1773 0045 26       		.uleb128 0x26
 1774 0046 00       		.byte	0
 1775 0047 49       		.uleb128 0x49
 1776 0048 13       		.uleb128 0x13
 1777 0049 00       		.byte	0
 1778 004a 00       		.byte	0
 1779 004b 08       		.uleb128 0x8
 1780 004c 34       		.uleb128 0x34
 1781 004d 00       		.byte	0
 1782 004e 03       		.uleb128 0x3
 1783 004f 0E       		.uleb128 0xe
 1784 0050 3A       		.uleb128 0x3a
 1785 0051 0B       		.uleb128 0xb
 1786 0052 3B       		.uleb128 0x3b
 1787 0053 0B       		.uleb128 0xb
 1788 0054 49       		.uleb128 0x49
 1789 0055 13       		.uleb128 0x13
 1790 0056 3F       		.uleb128 0x3f
 1791 0057 19       		.uleb128 0x19
 1792 0058 02       		.uleb128 0x2
 1793 0059 18       		.uleb128 0x18
 1794 005a 00       		.byte	0
 1795 005b 00       		.byte	0
 1796 005c 09       		.uleb128 0x9
 1797 005d 21       		.uleb128 0x21
 1798 005e 00       		.byte	0
 1799 005f 49       		.uleb128 0x49
 1800 0060 13       		.uleb128 0x13
 1801 0061 2F       		.uleb128 0x2f
 1802 0062 0B       		.uleb128 0xb
 1803 0063 00       		.byte	0
 1804 0064 00       		.byte	0
 1805 0065 0A       		.uleb128 0xa
 1806 0066 34       		.uleb128 0x34
 1807 0067 00       		.byte	0
 1808 0068 03       		.uleb128 0x3
 1809 0069 0E       		.uleb128 0xe
 1810 006a 3A       		.uleb128 0x3a
 1811 006b 0B       		.uleb128 0xb
 1812 006c 3B       		.uleb128 0x3b
 1813 006d 05       		.uleb128 0x5
 1814 006e 49       		.uleb128 0x49
 1815 006f 13       		.uleb128 0x13
 1816 0070 3F       		.uleb128 0x3f
 1817 0071 19       		.uleb128 0x19
 1818 0072 02       		.uleb128 0x2
 1819 0073 18       		.uleb128 0x18
 1820 0074 00       		.byte	0
ARM GAS  C:\Users\LASER_2\AppData\Local\Temp\ccI0pqvD.s 			page 33


 1821 0075 00       		.byte	0
 1822 0076 00       		.byte	0
 1823              		.section	.debug_aranges,"",%progbits
 1824 0000 14000000 		.4byte	0x14
 1825 0004 0200     		.2byte	0x2
 1826 0006 00000000 		.4byte	.Ldebug_info0
 1827 000a 04       		.byte	0x4
 1828 000b 00       		.byte	0
 1829 000c 0000     		.2byte	0
 1830 000e 0000     		.2byte	0
 1831 0010 00000000 		.4byte	0
 1832 0014 00000000 		.4byte	0
 1833              		.section	.debug_line,"",%progbits
 1834              	.Ldebug_line0:
 1835 0000 3D010000 		.section	.debug_str,"MS",%progbits,1
 1835      02003701 
 1835      00000201 
 1835      FB0E0D00 
 1835      01010101 
 1836              	.LASF9:
 1837 0000 5F5F7569 		.ascii	"__uint8_t\000"
 1837      6E74385F 
 1837      7400
 1838              	.LASF16:
 1839 000a 63795F6D 		.ascii	"cy_metadata\000"
 1839      65746164 
 1839      61746100 
 1840              	.LASF1:
 1841 0016 756E7369 		.ascii	"unsigned char\000"
 1841      676E6564 
 1841      20636861 
 1841      7200
 1842              	.LASF17:
 1843 0024 474E5520 		.ascii	"GNU C11 5.4.1 20160609 (release) [ARM/embedded-5-br"
 1843      43313120 
 1843      352E342E 
 1843      31203230 
 1843      31363036 
 1844 0057 616E6368 		.ascii	"anch revision 237715] -mcpu=cortex-m3 -mthumb -g -O"
 1844      20726576 
 1844      6973696F 
 1844      6E203233 
 1844      37373135 
 1845 008a 67202D66 		.ascii	"g -ffunction-sections -ffat-lto-objects\000"
 1845      66756E63 
 1845      74696F6E 
 1845      2D736563 
 1845      74696F6E 
 1846              	.LASF5:
 1847 00b2 6C6F6E67 		.ascii	"long unsigned int\000"
 1847      20756E73 
 1847      69676E65 
 1847      6420696E 
 1847      7400
 1848              	.LASF3:
 1849 00c4 73686F72 		.ascii	"short unsigned int\000"
 1849      7420756E 
ARM GAS  C:\Users\LASER_2\AppData\Local\Temp\ccI0pqvD.s 			page 34


 1849      7369676E 
 1849      65642069 
 1849      6E7400
 1850              	.LASF19:
 1851 00d7 433A5C55 		.ascii	"C:\\Users\\LASER_2\\Documents\\PSoC Creator\\Contro"
 1851      73657273 
 1851      5C4C4153 
 1851      45525F32 
 1851      5C446F63 
 1852 0105 6C2D4D65 		.ascii	"l-Mercury\\Prototipo.cydsn\000"
 1852      72637572 
 1852      795C5072 
 1852      6F746F74 
 1852      69706F2E 
 1853              	.LASF13:
 1854 011f 63795F6D 		.ascii	"cy_meta_custnvl\000"
 1854      6574615F 
 1854      63757374 
 1854      6E766C00 
 1855              	.LASF12:
 1856 012f 63795F6D 		.ascii	"cy_meta_configecc\000"
 1856      6574615F 
 1856      636F6E66 
 1856      69676563 
 1856      6300
 1857              	.LASF8:
 1858 0141 756E7369 		.ascii	"unsigned int\000"
 1858      676E6564 
 1858      20696E74 
 1858      00
 1859              	.LASF7:
 1860 014e 6C6F6E67 		.ascii	"long long unsigned int\000"
 1860      206C6F6E 
 1860      6720756E 
 1860      7369676E 
 1860      65642069 
 1861              	.LASF10:
 1862 0165 75696E74 		.ascii	"uint8_t\000"
 1862      385F7400 
 1863              	.LASF15:
 1864 016d 63795F6D 		.ascii	"cy_meta_flashprotect\000"
 1864      6574615F 
 1864      666C6173 
 1864      6870726F 
 1864      74656374 
 1865              	.LASF14:
 1866 0182 63795F6D 		.ascii	"cy_meta_wonvl\000"
 1866      6574615F 
 1866      776F6E76 
 1866      6C00
 1867              	.LASF11:
 1868 0190 73697A65 		.ascii	"sizetype\000"
 1868      74797065 
 1868      00
 1869              	.LASF6:
 1870 0199 6C6F6E67 		.ascii	"long long int\000"
 1870      206C6F6E 
ARM GAS  C:\Users\LASER_2\AppData\Local\Temp\ccI0pqvD.s 			page 35


 1870      6720696E 
 1870      7400
 1871              	.LASF2:
 1872 01a7 73686F72 		.ascii	"short int\000"
 1872      7420696E 
 1872      7400
 1873              	.LASF4:
 1874 01b1 6C6F6E67 		.ascii	"long int\000"
 1874      20696E74 
 1874      00
 1875              	.LASF0:
 1876 01ba 7369676E 		.ascii	"signed char\000"
 1876      65642063 
 1876      68617200 
 1877              	.LASF18:
 1878 01c6 47656E65 		.ascii	"Generated_Source\\PSoC5\\cymetadata.c\000"
 1878      72617465 
 1878      645F536F 
 1878      75726365 
 1878      5C50536F 
 1879              		.ident	"GCC: (GNU Tools for ARM Embedded Processors) 5.4.1 20160609 (release) [ARM/embedded-5-bran
